[2025-01-16T18:26:34.567+0000] {local_task_job_runner.py:123} INFO - ::group::Pre task execution logs
[2025-01-16T18:26:34.595+0000] {taskinstance.py:2613} INFO - Dependencies all met for dep_context=non-requeueable deps ti=<TaskInstance: conditional_dataset_and_time_based_timetable.conditional_dataset_and_time_based_timetable scheduled__2025-01-15T01:00:00+00:00 [queued]>
[2025-01-16T18:26:34.610+0000] {taskinstance.py:2613} INFO - Dependencies all met for dep_context=requeueable deps ti=<TaskInstance: conditional_dataset_and_time_based_timetable.conditional_dataset_and_time_based_timetable scheduled__2025-01-15T01:00:00+00:00 [queued]>
[2025-01-16T18:26:34.610+0000] {taskinstance.py:2866} INFO - Starting attempt 1 of 1
[2025-01-16T18:26:34.635+0000] {taskinstance.py:2889} INFO - Executing <Task(BashOperator): conditional_dataset_and_time_based_timetable> on 2025-01-15 01:00:00+00:00
[2025-01-16T18:26:34.647+0000] {warnings.py:112} WARNING - /home/***/.local/lib/python3.12/site-packages/***/task/task_runner/standard_task_runner.py:70: DeprecationWarning: This process (pid=588) is multi-threaded, use of fork() may lead to deadlocks in the child.
  pid = os.fork()

[2025-01-16T18:26:34.649+0000] {standard_task_runner.py:72} INFO - Started process 591 to run task
[2025-01-16T18:26:34.651+0000] {standard_task_runner.py:104} INFO - Running: ['***', 'tasks', 'run', 'conditional_dataset_and_time_based_timetable', 'conditional_dataset_and_time_based_timetable', 'scheduled__2025-01-15T01:00:00+00:00', '--job-id', '4', '--raw', '--subdir', '/home/***/.local/lib/python3.12/site-packages/***/example_dags/example_datasets.py', '--cfg-path', '/tmp/tmpk73sp941']
[2025-01-16T18:26:34.652+0000] {standard_task_runner.py:105} INFO - Job 4: Subtask conditional_dataset_and_time_based_timetable
[2025-01-16T18:26:34.719+0000] {task_command.py:467} INFO - Running <TaskInstance: conditional_dataset_and_time_based_timetable.conditional_dataset_and_time_based_timetable scheduled__2025-01-15T01:00:00+00:00 [running]> on host d8d64a3123f2
[2025-01-16T18:26:35.087+0000] {taskinstance.py:3132} INFO - Exporting env vars: AIRFLOW_CTX_DAG_OWNER='***' AIRFLOW_CTX_DAG_ID='conditional_dataset_and_time_based_timetable' AIRFLOW_CTX_TASK_ID='conditional_dataset_and_time_based_timetable' AIRFLOW_CTX_EXECUTION_DATE='2025-01-15T01:00:00+00:00' AIRFLOW_CTX_TRY_NUMBER='1' AIRFLOW_CTX_DAG_RUN_ID='scheduled__2025-01-15T01:00:00+00:00'
[2025-01-16T18:26:35.088+0000] {logging_mixin.py:190} INFO - Task instance is in running state
[2025-01-16T18:26:35.089+0000] {logging_mixin.py:190} INFO -  Previous state of the Task instance: queued
[2025-01-16T18:26:35.089+0000] {logging_mixin.py:190} INFO - Current task name:conditional_dataset_and_time_based_timetable state:running start_date:2025-01-16 18:26:34.596761+00:00
[2025-01-16T18:26:35.089+0000] {logging_mixin.py:190} INFO - Dag name:conditional_dataset_and_time_based_timetable and current dag run status:running
[2025-01-16T18:26:35.090+0000] {taskinstance.py:731} INFO - ::endgroup::
[2025-01-16T18:26:35.092+0000] {subprocess.py:78} INFO - Tmp dir root location: /tmp
[2025-01-16T18:26:35.093+0000] {subprocess.py:88} INFO - Running command: ['/usr/bin/bash', '-c', 'sleep 5']
[2025-01-16T18:26:35.118+0000] {subprocess.py:99} INFO - Output:
[2025-01-16T18:26:40.138+0000] {subprocess.py:110} INFO - Command exited with return code 0
[2025-01-16T18:26:40.200+0000] {taskinstance.py:340} INFO - ::group::Post task execution logs
[2025-01-16T18:26:40.201+0000] {taskinstance.py:352} INFO - Marking task as SUCCESS. dag_id=conditional_dataset_and_time_based_timetable, task_id=conditional_dataset_and_time_based_timetable, run_id=scheduled__2025-01-15T01:00:00+00:00, execution_date=20250115T010000, start_date=20250116T182634, end_date=20250116T182640
[2025-01-16T18:26:40.245+0000] {logging_mixin.py:190} INFO - Task instance in success state
[2025-01-16T18:26:40.245+0000] {logging_mixin.py:190} INFO -  Previous state of the Task instance: running
[2025-01-16T18:26:40.245+0000] {logging_mixin.py:190} INFO - Dag name:conditional_dataset_and_time_based_timetable queued_at:2025-01-16 18:26:18.230111+00:00
[2025-01-16T18:26:40.246+0000] {logging_mixin.py:190} INFO - Task hostname:d8d64a3123f2 operator:BashOperator
[2025-01-16T18:26:40.281+0000] {local_task_job_runner.py:266} INFO - Task exited with return code 0
[2025-01-16T18:26:40.307+0000] {taskinstance.py:3895} INFO - 0 downstream tasks scheduled from follow-on schedule check
[2025-01-16T18:26:40.315+0000] {local_task_job_runner.py:245} INFO - ::endgroup::
