[2025-01-16T18:58:24.473+0000] {local_task_job_runner.py:123} INFO - ::group::Pre task execution logs
[2025-01-16T18:58:24.492+0000] {taskinstance.py:2613} INFO - Dependencies all met for dep_context=non-requeueable deps ti=<TaskInstance: download_rocket_launch.download_launches manual__2025-01-16T18:58:15.933330+00:00 [queued]>
[2025-01-16T18:58:24.503+0000] {taskinstance.py:2613} INFO - Dependencies all met for dep_context=requeueable deps ti=<TaskInstance: download_rocket_launch.download_launches manual__2025-01-16T18:58:15.933330+00:00 [queued]>
[2025-01-16T18:58:24.504+0000] {taskinstance.py:2866} INFO - Starting attempt 1 of 1
[2025-01-16T18:58:24.522+0000] {taskinstance.py:2889} INFO - Executing <Task(BashOperator): download_launches> on 2025-01-16 18:58:15.933330+00:00
[2025-01-16T18:58:24.532+0000] {warnings.py:112} WARNING - /home/***/.local/lib/python3.12/site-packages/***/task/task_runner/standard_task_runner.py:70: DeprecationWarning: This process (pid=64) is multi-threaded, use of fork() may lead to deadlocks in the child.
  pid = os.fork()

[2025-01-16T18:58:24.536+0000] {standard_task_runner.py:72} INFO - Started process 66 to run task
[2025-01-16T18:58:24.537+0000] {standard_task_runner.py:104} INFO - Running: ['***', 'tasks', 'run', 'download_rocket_launch', 'download_launches', 'manual__2025-01-16T18:58:15.933330+00:00', '--job-id', '13', '--raw', '--subdir', 'DAGS_FOLDER/download_rocket_launch.py', '--cfg-path', '/tmp/tmp7funptl7']
[2025-01-16T18:58:24.538+0000] {standard_task_runner.py:105} INFO - Job 13: Subtask download_launches
[2025-01-16T18:58:24.984+0000] {task_command.py:467} INFO - Running <TaskInstance: download_rocket_launch.download_launches manual__2025-01-16T18:58:15.933330+00:00 [running]> on host 53c2f095678f
[2025-01-16T18:58:25.088+0000] {taskinstance.py:3132} INFO - Exporting env vars: AIRFLOW_CTX_DAG_OWNER='***' AIRFLOW_CTX_DAG_ID='download_rocket_launch' AIRFLOW_CTX_TASK_ID='download_launches' AIRFLOW_CTX_EXECUTION_DATE='2025-01-16T18:58:15.933330+00:00' AIRFLOW_CTX_TRY_NUMBER='1' AIRFLOW_CTX_DAG_RUN_ID='manual__2025-01-16T18:58:15.933330+00:00'
[2025-01-16T18:58:25.089+0000] {logging_mixin.py:190} INFO - Task instance is in running state
[2025-01-16T18:58:25.090+0000] {logging_mixin.py:190} INFO -  Previous state of the Task instance: queued
[2025-01-16T18:58:25.090+0000] {logging_mixin.py:190} INFO - Current task name:download_launches state:running start_date:2025-01-16 18:58:24.493173+00:00
[2025-01-16T18:58:25.090+0000] {logging_mixin.py:190} INFO - Dag name:download_rocket_launch and current dag run status:running
[2025-01-16T18:58:25.091+0000] {taskinstance.py:731} INFO - ::endgroup::
[2025-01-16T18:58:25.092+0000] {subprocess.py:78} INFO - Tmp dir root location: /tmp
[2025-01-16T18:58:25.093+0000] {subprocess.py:88} INFO - Running command: ['/usr/bin/bash', '-c', 'curl -o /tmp/launches.json -L "https://ll.thespacedevs.com/2.2.0/launch/upcoming"']
[2025-01-16T18:58:25.115+0000] {subprocess.py:99} INFO - Output:
[2025-01-16T18:58:25.130+0000] {subprocess.py:106} INFO -   % Total    % Received % Xferd  Average Speed   Time    Time     Time  Current
[2025-01-16T18:58:25.131+0000] {subprocess.py:106} INFO -                                  Dload  Upload   Total   Spent    Left  Speed
[2025-01-16T18:58:26.941+0000] {subprocess.py:106} INFO -   0     0    0     0    0     0      0      0 --:--:-- --:--:-- --:--:--     0  0     0    0     0    0     0      0      0 --:--:-- --:--:-- --:--:--     0  0     0    0     0    0     0      0      0 --:--:--  0:00:01 --:--:--     0  0     0    0     0    0     0      0      0 --:--:--  0:00:01 --:--:--     0
[2025-01-16T18:58:27.906+0000] {subprocess.py:106} INFO -   0 47715    0     0    0     0      0      0 --:--:--  0:00:02 --:--:--     0100 47715  100 47715    0     0  17183      0  0:00:02  0:00:02 --:--:--  148k
[2025-01-16T18:58:27.909+0000] {subprocess.py:110} INFO - Command exited with return code 0
[2025-01-16T18:58:27.940+0000] {taskinstance.py:340} INFO - ::group::Post task execution logs
[2025-01-16T18:58:27.941+0000] {taskinstance.py:352} INFO - Marking task as SUCCESS. dag_id=download_rocket_launch, task_id=download_launches, run_id=manual__2025-01-16T18:58:15.933330+00:00, execution_date=20250116T185815, start_date=20250116T185824, end_date=20250116T185827
[2025-01-16T18:58:27.958+0000] {logging_mixin.py:190} INFO - Task instance in success state
[2025-01-16T18:58:27.958+0000] {logging_mixin.py:190} INFO -  Previous state of the Task instance: running
[2025-01-16T18:58:27.959+0000] {logging_mixin.py:190} INFO - Dag name:download_rocket_launch queued_at:2025-01-16 18:58:15.971738+00:00
[2025-01-16T18:58:27.960+0000] {logging_mixin.py:190} INFO - Task hostname:53c2f095678f operator:BashOperator
[2025-01-16T18:58:27.993+0000] {local_task_job_runner.py:266} INFO - Task exited with return code 0
[2025-01-16T18:58:28.189+0000] {taskinstance.py:3895} INFO - 1 downstream tasks scheduled from follow-on schedule check
[2025-01-16T18:58:28.192+0000] {local_task_job_runner.py:245} INFO - ::endgroup::
