[2025-01-16T18:58:54.504+0000] {local_task_job_runner.py:123} INFO - ::group::Pre task execution logs
[2025-01-16T18:58:54.525+0000] {taskinstance.py:2613} INFO - Dependencies all met for dep_context=non-requeueable deps ti=<TaskInstance: download_rocket_launch.notify manual__2025-01-16T18:58:15.933330+00:00 [queued]>
[2025-01-16T18:58:54.537+0000] {taskinstance.py:2613} INFO - Dependencies all met for dep_context=requeueable deps ti=<TaskInstance: download_rocket_launch.notify manual__2025-01-16T18:58:15.933330+00:00 [queued]>
[2025-01-16T18:58:54.538+0000] {taskinstance.py:2866} INFO - Starting attempt 1 of 1
[2025-01-16T18:58:54.558+0000] {taskinstance.py:2889} INFO - Executing <Task(BashOperator): notify> on 2025-01-16 18:58:15.933330+00:00
[2025-01-16T18:58:54.568+0000] {warnings.py:112} WARNING - /home/***/.local/lib/python3.12/site-packages/***/task/task_runner/standard_task_runner.py:70: DeprecationWarning: This process (pid=80) is multi-threaded, use of fork() may lead to deadlocks in the child.
  pid = os.fork()

[2025-01-16T18:58:54.570+0000] {standard_task_runner.py:72} INFO - Started process 82 to run task
[2025-01-16T18:58:54.570+0000] {standard_task_runner.py:104} INFO - Running: ['***', 'tasks', 'run', 'download_rocket_launch', 'notify', 'manual__2025-01-16T18:58:15.933330+00:00', '--job-id', '15', '--raw', '--subdir', 'DAGS_FOLDER/download_rocket_launch.py', '--cfg-path', '/tmp/tmp868hyffm']
[2025-01-16T18:58:54.571+0000] {standard_task_runner.py:105} INFO - Job 15: Subtask notify
[2025-01-16T18:58:54.864+0000] {task_command.py:467} INFO - Running <TaskInstance: download_rocket_launch.notify manual__2025-01-16T18:58:15.933330+00:00 [running]> on host 53c2f095678f
[2025-01-16T18:58:54.967+0000] {taskinstance.py:3132} INFO - Exporting env vars: AIRFLOW_CTX_DAG_OWNER='***' AIRFLOW_CTX_DAG_ID='download_rocket_launch' AIRFLOW_CTX_TASK_ID='notify' AIRFLOW_CTX_EXECUTION_DATE='2025-01-16T18:58:15.933330+00:00' AIRFLOW_CTX_TRY_NUMBER='1' AIRFLOW_CTX_DAG_RUN_ID='manual__2025-01-16T18:58:15.933330+00:00'
[2025-01-16T18:58:54.968+0000] {logging_mixin.py:190} INFO - Task instance is in running state
[2025-01-16T18:58:54.968+0000] {logging_mixin.py:190} INFO -  Previous state of the Task instance: queued
[2025-01-16T18:58:54.969+0000] {logging_mixin.py:190} INFO - Current task name:notify state:running start_date:2025-01-16 18:58:54.526383+00:00
[2025-01-16T18:58:54.969+0000] {logging_mixin.py:190} INFO - Dag name:download_rocket_launch and current dag run status:running
[2025-01-16T18:58:54.969+0000] {taskinstance.py:731} INFO - ::endgroup::
[2025-01-16T18:58:54.970+0000] {subprocess.py:78} INFO - Tmp dir root location: /tmp
[2025-01-16T18:58:54.972+0000] {subprocess.py:88} INFO - Running command: ['/usr/bin/bash', '-c', 'echo "There are now $(ls /tmp/images | wc -l) images."']
[2025-01-16T18:58:54.992+0000] {subprocess.py:99} INFO - Output:
[2025-01-16T18:58:54.998+0000] {subprocess.py:106} INFO - There are now 7 images.
[2025-01-16T18:58:54.998+0000] {subprocess.py:110} INFO - Command exited with return code 0
[2025-01-16T18:58:55.030+0000] {taskinstance.py:340} INFO - ::group::Post task execution logs
[2025-01-16T18:58:55.031+0000] {taskinstance.py:352} INFO - Marking task as SUCCESS. dag_id=download_rocket_launch, task_id=notify, run_id=manual__2025-01-16T18:58:15.933330+00:00, execution_date=20250116T185815, start_date=20250116T185854, end_date=20250116T185855
[2025-01-16T18:58:55.044+0000] {logging_mixin.py:190} INFO - Task instance in success state
[2025-01-16T18:58:55.044+0000] {logging_mixin.py:190} INFO -  Previous state of the Task instance: running
[2025-01-16T18:58:55.045+0000] {logging_mixin.py:190} INFO - Dag name:download_rocket_launch queued_at:2025-01-16 18:58:15.971738+00:00
[2025-01-16T18:58:55.045+0000] {logging_mixin.py:190} INFO - Task hostname:53c2f095678f operator:BashOperator
[2025-01-16T18:58:55.076+0000] {local_task_job_runner.py:266} INFO - Task exited with return code 0
[2025-01-16T18:58:55.316+0000] {taskinstance.py:3895} INFO - 0 downstream tasks scheduled from follow-on schedule check
[2025-01-16T18:58:55.318+0000] {local_task_job_runner.py:245} INFO - ::endgroup::
