[2025-01-16T18:53:29.085+0000] {local_task_job_runner.py:123} INFO - ::group::Pre task execution logs
[2025-01-16T18:53:29.102+0000] {taskinstance.py:2613} INFO - Dependencies all met for dep_context=non-requeueable deps ti=<TaskInstance: download_rocket_launch.download_launches manual__2025-01-16T18:53:26.242212+00:00 [queued]>
[2025-01-16T18:53:29.111+0000] {taskinstance.py:2613} INFO - Dependencies all met for dep_context=requeueable deps ti=<TaskInstance: download_rocket_launch.download_launches manual__2025-01-16T18:53:26.242212+00:00 [queued]>
[2025-01-16T18:53:29.111+0000] {taskinstance.py:2866} INFO - Starting attempt 1 of 1
[2025-01-16T18:53:29.130+0000] {taskinstance.py:2889} INFO - Executing <Task(BashOperator): download_launches> on 2025-01-16 18:53:26.242212+00:00
[2025-01-16T18:53:29.138+0000] {warnings.py:112} WARNING - /home/***/.local/lib/python3.12/site-packages/***/task/task_runner/standard_task_runner.py:70: DeprecationWarning: This process (pid=917) is multi-threaded, use of fork() may lead to deadlocks in the child.
  pid = os.fork()

[2025-01-16T18:53:29.139+0000] {standard_task_runner.py:72} INFO - Started process 919 to run task
[2025-01-16T18:53:29.141+0000] {standard_task_runner.py:104} INFO - Running: ['***', 'tasks', 'run', 'download_rocket_launch', 'download_launches', 'manual__2025-01-16T18:53:26.242212+00:00', '--job-id', '8', '--raw', '--subdir', 'DAGS_FOLDER/download_rocket_launch.py', '--cfg-path', '/tmp/tmp9hv_dwdk']
[2025-01-16T18:53:29.142+0000] {standard_task_runner.py:105} INFO - Job 8: Subtask download_launches
[2025-01-16T18:53:29.381+0000] {task_command.py:467} INFO - Running <TaskInstance: download_rocket_launch.download_launches manual__2025-01-16T18:53:26.242212+00:00 [running]> on host d8d64a3123f2
[2025-01-16T18:53:29.479+0000] {taskinstance.py:3132} INFO - Exporting env vars: AIRFLOW_CTX_DAG_OWNER='***' AIRFLOW_CTX_DAG_ID='download_rocket_launch' AIRFLOW_CTX_TASK_ID='download_launches' AIRFLOW_CTX_EXECUTION_DATE='2025-01-16T18:53:26.242212+00:00' AIRFLOW_CTX_TRY_NUMBER='1' AIRFLOW_CTX_DAG_RUN_ID='manual__2025-01-16T18:53:26.242212+00:00'
[2025-01-16T18:53:29.480+0000] {logging_mixin.py:190} INFO - Task instance is in running state
[2025-01-16T18:53:29.480+0000] {logging_mixin.py:190} INFO -  Previous state of the Task instance: queued
[2025-01-16T18:53:29.480+0000] {logging_mixin.py:190} INFO - Current task name:download_launches state:running start_date:2025-01-16 18:53:29.103170+00:00
[2025-01-16T18:53:29.481+0000] {logging_mixin.py:190} INFO - Dag name:download_rocket_launch and current dag run status:running
[2025-01-16T18:53:29.481+0000] {taskinstance.py:731} INFO - ::endgroup::
[2025-01-16T18:53:29.482+0000] {subprocess.py:78} INFO - Tmp dir root location: /tmp
[2025-01-16T18:53:29.483+0000] {subprocess.py:88} INFO - Running command: ['/usr/bin/bash', '-c', 'curl -o /tmp/launches.json -L "https://ll.thespacedevs.com/2.2.0/launch/upcoming"']
[2025-01-16T18:53:29.499+0000] {subprocess.py:99} INFO - Output:
[2025-01-16T18:53:29.507+0000] {subprocess.py:106} INFO -   % Total    % Received % Xferd  Average Speed   Time    Time     Time  Current
[2025-01-16T18:53:29.507+0000] {subprocess.py:106} INFO -                                  Dload  Upload   Total   Spent    Left  Speed
[2025-01-16T18:53:30.432+0000] {subprocess.py:106} INFO -   0     0    0     0    0     0      0      0 --:--:-- --:--:-- --:--:--     0  0     0    0     0    0     0      0      0 --:--:-- --:--:-- --:--:--     0  0     0    0     0    0     0      0      0 --:--:-- --:--:-- --:--:--     0
[2025-01-16T18:53:31.664+0000] {subprocess.py:106} INFO -   0     0    0     0    0     0      0      0 --:--:--  0:00:01 --:--:--     0100 47715  100 47715    0     0  22118      0  0:00:02  0:00:02 --:--:--  203k
[2025-01-16T18:53:31.668+0000] {subprocess.py:110} INFO - Command exited with return code 0
[2025-01-16T18:53:31.708+0000] {taskinstance.py:340} INFO - ::group::Post task execution logs
[2025-01-16T18:53:31.708+0000] {taskinstance.py:352} INFO - Marking task as SUCCESS. dag_id=download_rocket_launch, task_id=download_launches, run_id=manual__2025-01-16T18:53:26.242212+00:00, execution_date=20250116T185326, start_date=20250116T185329, end_date=20250116T185331
[2025-01-16T18:53:31.726+0000] {logging_mixin.py:190} INFO - Task instance in success state
[2025-01-16T18:53:31.727+0000] {logging_mixin.py:190} INFO -  Previous state of the Task instance: running
[2025-01-16T18:53:31.727+0000] {logging_mixin.py:190} INFO - Dag name:download_rocket_launch queued_at:2025-01-16 18:53:26.275026+00:00
[2025-01-16T18:53:31.727+0000] {logging_mixin.py:190} INFO - Task hostname:d8d64a3123f2 operator:BashOperator
[2025-01-16T18:53:31.754+0000] {local_task_job_runner.py:266} INFO - Task exited with return code 0
[2025-01-16T18:53:32.179+0000] {taskinstance.py:3895} INFO - 1 downstream tasks scheduled from follow-on schedule check
[2025-01-16T18:53:32.183+0000] {local_task_job_runner.py:245} INFO - ::endgroup::
